This is pdfTeX, Version 3.1415926-2.5-1.40.14 (MiKTeX 2.9 64-bit) (preloaded format=pdflatex 2014.10.14)  29 MAY 2015 15:36
entering extended mode
**Paper.tex
("C:\Users\Robert\Desktop\Newest Paper\Paper.tex"
LaTeX2e <2011/06/27>
Babel <v3.8m> and hyphenation patterns for english, afrikaans, ancientgreek, ar
abic, armenian, assamese, basque, bengali, bokmal, bulgarian, catalan, coptic, 
croatian, czech, danish, dutch, esperanto, estonian, farsi, finnish, french, ga
lician, german, german-x-2013-05-26, greek, gujarati, hindi, hungarian, iceland
ic, indonesian, interlingua, irish, italian, kannada, kurmanji, latin, latvian,
 lithuanian, malayalam, marathi, mongolian, mongolianlmc, monogreek, ngerman, n
german-x-2013-05-26, nynorsk, oriya, panjabi, pinyin, polish, portuguese, roman
ian, russian, sanskrit, serbian, slovak, slovenian, spanish, swedish, swissgerm
an, tamil, telugu, turkish, turkmen, ukenglish, ukrainian, uppersorbian, usengl
ishmax, welsh, loaded.
("C:\Users\Robert\Desktop\Newest Paper\JINST.cls"
Document Class: JINST 2006/07/11 v1.0.1 LaTeX document class - P.D.
("C:\Program Files\MiKTeX 2.9\tex\latex\amsfonts\amssymb.sty"
Package: amssymb 2013/01/14 v3.01 AMS font symbols

("C:\Program Files\MiKTeX 2.9\tex\latex\amsfonts\amsfonts.sty"
Package: amsfonts 2013/01/14 v3.01 Basic AMSFonts support
\@emptytoks=\toks14
\symAMSa=\mathgroup4
\symAMSb=\mathgroup5
LaTeX Font Info:    Overwriting math alphabet `\mathfrak' in version `bold'
(Font)                  U/euf/m/n --> U/euf/b/n on input line 106.
))
("C:\Program Files\MiKTeX 2.9\tex\latex\base\fontenc.sty"
Package: fontenc 2005/09/27 v1.99g Standard LaTeX package

("C:\Program Files\MiKTeX 2.9\tex\latex\base\t1enc.def"
File: t1enc.def 2005/09/27 v1.99g Standard LaTeX file
LaTeX Font Info:    Redeclaring font encoding T1 on input line 43.
))
("C:\Program Files\MiKTeX 2.9\tex\latex\psnfss\times.sty"
Package: times 2005/04/12 PSNFSS-v9.2a (SPQR) 
)
("C:\Program Files\MiKTeX 2.9\tex\latex\psnfss\mathptmx.sty"
Package: mathptmx 2005/04/12 PSNFSS-v9.2a Times w/ Math, improved (SPQR, WaS) 
LaTeX Font Info:    Redeclaring symbol font `operators' on input line 28.
LaTeX Font Info:    Overwriting symbol font `operators' in version `normal'
(Font)                  OT1/cmr/m/n --> OT1/ztmcm/m/n on input line 28.
LaTeX Font Info:    Overwriting symbol font `operators' in version `bold'
(Font)                  OT1/cmr/bx/n --> OT1/ztmcm/m/n on input line 28.
LaTeX Font Info:    Redeclaring symbol font `letters' on input line 29.
LaTeX Font Info:    Overwriting symbol font `letters' in version `normal'
(Font)                  OML/cmm/m/it --> OML/ztmcm/m/it on input line 29.
LaTeX Font Info:    Overwriting symbol font `letters' in version `bold'
(Font)                  OML/cmm/b/it --> OML/ztmcm/m/it on input line 29.
LaTeX Font Info:    Redeclaring symbol font `symbols' on input line 30.
LaTeX Font Info:    Overwriting symbol font `symbols' in version `normal'
(Font)                  OMS/cmsy/m/n --> OMS/ztmcm/m/n on input line 30.
LaTeX Font Info:    Overwriting symbol font `symbols' in version `bold'
(Font)                  OMS/cmsy/b/n --> OMS/ztmcm/m/n on input line 30.
LaTeX Font Info:    Redeclaring symbol font `largesymbols' on input line 31.
LaTeX Font Info:    Overwriting symbol font `largesymbols' in version `normal'
(Font)                  OMX/cmex/m/n --> OMX/ztmcm/m/n on input line 31.
LaTeX Font Info:    Overwriting symbol font `largesymbols' in version `bold'
(Font)                  OMX/cmex/m/n --> OMX/ztmcm/m/n on input line 31.
\symbold=\mathgroup6
\symitalic=\mathgroup7
LaTeX Font Info:    Redeclaring math alphabet \mathbf on input line 34.
LaTeX Font Info:    Overwriting math alphabet `\mathbf' in version `normal'
(Font)                  OT1/cmr/bx/n --> OT1/ptm/bx/n on input line 34.
LaTeX Font Info:    Overwriting math alphabet `\mathbf' in version `bold'
(Font)                  OT1/cmr/bx/n --> OT1/ptm/bx/n on input line 34.
LaTeX Font Info:    Redeclaring math alphabet \mathit on input line 35.
LaTeX Font Info:    Overwriting math alphabet `\mathit' in version `normal'
(Font)                  OT1/cmr/m/it --> OT1/ptm/m/it on input line 35.
LaTeX Font Info:    Overwriting math alphabet `\mathit' in version `bold'
(Font)                  OT1/cmr/bx/it --> OT1/ptm/m/it on input line 35.
LaTeX Info: Redefining \hbar on input line 50.
)
("C:\Program Files\MiKTeX 2.9\tex\latex\graphics\graphicx.sty"
Package: graphicx 1999/02/16 v1.0f Enhanced LaTeX Graphics (DPC,SPQR)

("C:\Program Files\MiKTeX 2.9\tex\latex\graphics\keyval.sty"
Package: keyval 1999/03/16 v1.13 key=value parser (DPC)
\KV@toks@=\toks15
)
("C:\Program Files\MiKTeX 2.9\tex\latex\graphics\graphics.sty"
Package: graphics 2009/02/05 v1.0o Standard LaTeX Graphics (DPC,SPQR)

("C:\Program Files\MiKTeX 2.9\tex\latex\graphics\trig.sty"
Package: trig 1999/03/16 v1.09 sin cos tan (DPC)
)
("C:\Program Files\MiKTeX 2.9\tex\latex\00miktex\graphics.cfg"
File: graphics.cfg 2007/01/18 v1.5 graphics configuration of teTeX/TeXLive
)
Package graphics Info: Driver file: pdftex.def on input line 91.

("C:\Program Files\MiKTeX 2.9\tex\latex\pdftex-def\pdftex.def"
File: pdftex.def 2011/05/27 v0.06d Graphics/color for pdfTeX

("C:\Program Files\MiKTeX 2.9\tex\generic\oberdiek\infwarerr.sty"
Package: infwarerr 2010/04/08 v1.3 Providing info/warning/error messages (HO)
)
("C:\Program Files\MiKTeX 2.9\tex\generic\oberdiek\ltxcmds.sty"
Package: ltxcmds 2011/11/09 v1.22 LaTeX kernel commands for general use (HO)
)
\Gread@gobject=\count79
))
\Gin@req@height=\dimen102
\Gin@req@width=\dimen103
)
\symforjmath=\mathgroup8

("C:\Program Files\MiKTeX 2.9\tex\latex\base\size11.clo"
File: size11.clo 2007/10/19 v1.4h Standard LaTeX file (size option)
)
("C:\Program Files\MiKTeX 2.9\tex\plain\misc\pdfcolor.tex")
\titlesk@ja=\skip41
\titlesk@jb=\skip42
\titlesk@jc=\skip43
\c@part=\count80
\c@section=\count81
\c@subsection=\count82
\c@subsubsection=\count83
\c@paragraph=\count84
\c@subparagraph=\count85
\prev@t=\toks16
\cur@t=\toks17
\@firstaubox=\box26
\addr@skip=\skip44
\auth@skip=\skip45
\Jcopy@date=\box27
\Jspecial@url=\box28
\Jpaper@url=\box29
LaTeX Font Info:    Try loading font information for T1+pcr on input line 809.

("C:\Program Files\MiKTeX 2.9\tex\latex\psnfss\t1pcr.fd"
File: t1pcr.fd 2001/06/04 font definitions for T1/pcr.
)
\c@figure=\count86
\c@table=\count87
\c@OptionTest=\count88
\@tmpbox=\box30
\figbox=\box31
\tabbox=\box32
\pagebox=\box33
\ffigcount=\count89
\ftabcount=\count90
\hangcount=\count91
\nosuccesstryfig=\count92
\nosuccesstrytab=\count93
\figgutter=\dimen104
\tabgutter=\dimen105
\fl@wd=\dimen106
\fl@ht=\dimen107
\htdone=\dimen108
\pageht=\dimen109
\startpageht=\dimen110
\floatfltwidth=\dimen111
\fltitemwidth=\dimen112
\outputpretest=\toks18
\abovecaptionskip=\skip46
\belowcaptionskip=\skip47
\bibindent=\dimen113


Class JINST Warning: ATTENTION!!! watermark disabled. Add it with pdftk (use co
mpilaJINSTpdflatex for instance).

) ("C:\Program Files\MiKTeX 2.9\tex\latex\subfigure\subfigure.sty"
Package: subfigure 2002/07/30 v2.1.4 subfigure package
\subfigtopskip=\skip48
\subfigcapskip=\skip49
\subfigcaptopadj=\dimen114
\subfigbottomskip=\skip50
\subfigcapmargin=\dimen115
\subfiglabelskip=\skip51
\c@subfigure=\count94
\c@lofdepth=\count95
\c@subtable=\count96
\c@lotdepth=\count97

****************************************
* Local config file subfigure.cfg used *
****************************************
("C:\Program Files\MiKTeX 2.9\tex\latex\subfigure\subfigure.cfg")
\subfig@top=\skip52
\subfig@bottom=\skip53
)
("C:\Users\Robert\Desktop\Newest Paper\Paper.aux")
LaTeX Font Info:    Checking defaults for OML/cmm/m/it on input line 15.
LaTeX Font Info:    ... okay on input line 15.
LaTeX Font Info:    Checking defaults for T1/cmr/m/n on input line 15.
LaTeX Font Info:    ... okay on input line 15.
LaTeX Font Info:    Checking defaults for OT1/cmr/m/n on input line 15.
LaTeX Font Info:    ... okay on input line 15.
LaTeX Font Info:    Checking defaults for OMS/cmsy/m/n on input line 15.
LaTeX Font Info:    ... okay on input line 15.
LaTeX Font Info:    Checking defaults for OMX/cmex/m/n on input line 15.
LaTeX Font Info:    ... okay on input line 15.
LaTeX Font Info:    Checking defaults for U/cmr/m/n on input line 15.
LaTeX Font Info:    ... okay on input line 15.
LaTeX Font Info:    Try loading font information for T1+ptm on input line 15.

("C:\Program Files\MiKTeX 2.9\tex\latex\psnfss\t1ptm.fd"
File: t1ptm.fd 2001/06/04 font definitions for T1/ptm.
)
\big@size=\dimen116

("C:\Program Files\MiKTeX 2.9\tex\context\base\supp-pdf.mkii"
[Loading MPS to PDF converter (version 2006.09.02).]
\scratchcounter=\count98
\scratchdimen=\dimen117
\scratchbox=\box34
\nofMPsegments=\count99
\nofMParguments=\count100
\everyMPshowfont=\toks19
\MPscratchCnt=\count101
\MPscratchDim=\dimen118
\MPnumerator=\count102
\makeMPintoPDFobject=\count103
\everyMPtoPDFconversion=\toks20
)
LaTeX Font Info:    Try loading font information for OT1+ztmcm on input line 15
.
 ("C:\Program Files\MiKTeX 2.9\tex\latex\psnfss\ot1ztmcm.fd"
File: ot1ztmcm.fd 2000/01/03 Fontinst v1.801 font definitions for OT1/ztmcm.
)
LaTeX Font Info:    Try loading font information for OML+ztmcm on input line 15
.

("C:\Program Files\MiKTeX 2.9\tex\latex\psnfss\omlztmcm.fd"
File: omlztmcm.fd 2000/01/03 Fontinst v1.801 font definitions for OML/ztmcm.
)
LaTeX Font Info:    Try loading font information for OMS+ztmcm on input line 15
.

("C:\Program Files\MiKTeX 2.9\tex\latex\psnfss\omsztmcm.fd"
File: omsztmcm.fd 2000/01/03 Fontinst v1.801 font definitions for OMS/ztmcm.
)
LaTeX Font Info:    Try loading font information for OMX+ztmcm on input line 15
.

("C:\Program Files\MiKTeX 2.9\tex\latex\psnfss\omxztmcm.fd"
File: omxztmcm.fd 2000/01/03 Fontinst v1.801 font definitions for OMX/ztmcm.
)
LaTeX Font Info:    Try loading font information for OT1+ptm on input line 15.

("C:\Program Files\MiKTeX 2.9\tex\latex\psnfss\ot1ptm.fd"
File: ot1ptm.fd 2001/06/04 font definitions for OT1/ptm.
)
LaTeX Font Info:    Font shape `OT1/ptm/bx/n' in size <10.95> not available
(Font)              Font shape `OT1/ptm/b/n' tried instead on input line 15.
LaTeX Font Info:    Font shape `OT1/ptm/bx/n' in size <8> not available
(Font)              Font shape `OT1/ptm/b/n' tried instead on input line 15.
LaTeX Font Info:    Font shape `OT1/ptm/bx/n' in size <6> not available
(Font)              Font shape `OT1/ptm/b/n' tried instead on input line 15.
LaTeX Font Info:    Try loading font information for T1+phv on input line 15.

("C:\Program Files\MiKTeX 2.9\tex\latex\psnfss\t1phv.fd"
File: t1phv.fd 2001/06/04 scalable font definitions for T1/phv.
)
LaTeX Font Info:    Font shape `T1/phv/bx/n' in size <17.28> not available
(Font)              Font shape `T1/phv/b/n' tried instead on input line 15.
LaTeX Font Info:    Font shape `T1/ptm/bx/n' in size <10.95> not available
(Font)              Font shape `T1/ptm/b/n' tried instead on input line 15.
LaTeX Font Info:    Font shape `T1/phv/bx/n' in size <10.95> not available
(Font)              Font shape `T1/phv/b/n' tried instead on input line 15.
LaTeX Font Info:    Font shape `OT1/ptm/bx/n' in size <5> not available
(Font)              Font shape `OT1/ptm/b/n' tried instead on input line 15.
LaTeX Font Info:    Font shape `T1/phv/bx/n' in size <10> not available
(Font)              Font shape `T1/phv/b/n' tried instead on input line 15.
LaTeX Font Info:    Font shape `OT1/ptm/bx/n' in size <10> not available
(Font)              Font shape `OT1/ptm/b/n' tried instead on input line 15.
LaTeX Font Info:    Font shape `OT1/ptm/bx/n' in size <7.4> not available
(Font)              Font shape `OT1/ptm/b/n' tried instead on input line 15.
LaTeX Font Info:    Font shape `OT1/ptm/bx/n' in size <9> not available
(Font)              Font shape `OT1/ptm/b/n' tried instead on input line 15.
LaTeX Font Info:    Font shape `OT1/ptm/bx/n' in size <7> not available
(Font)              Font shape `OT1/ptm/b/n' tried instead on input line 15.
 [0

{C:/ProgramData/MiKTeX/2.9/pdftex/config/pdftex.map}]
LaTeX Font Info:    Font shape `T1/ptm/bx/n' in size <12> not available
(Font)              Font shape `T1/ptm/b/n' tried instead on input line 15.

("C:\Users\Robert\Desktop\Newest Paper\Paper.toc")
\tf@toc=\write3
 [1]
LaTeX Font Info:    Font shape `T1/ptm/bx/n' in size <10> not available
(Font)              Font shape `T1/ptm/b/n' tried instead on input line 39.
LaTeX Font Info:    Try loading font information for OMS+ptm on input line 51.

("C:\Program Files\MiKTeX 2.9\tex\latex\psnfss\omsptm.fd"
File: omsptm.fd 
)
LaTeX Font Info:    Font shape `OMS/ptm/m/n' in size <8> not available
(Font)              Font shape `OMS/cmsy/m/n' tried instead on input line 51.
 [2] [3] [4]
<graphs/Diagram_Darkbox.png, id=169, 642.4pt x 481.8pt>
File: graphs/Diagram_Darkbox.png Graphic file (type png)

<use graphs/Diagram_Darkbox.png>
Package pdftex.def Info: graphs/Diagram_Darkbox.png used on input line 141.
(pdftex.def)             Requested size: 385.44298pt x 289.08221pt.


LaTeX Warning: Citation `|' on page 5 undefined on input line 148.

[5 <C:/Users/Robert/Desktop/Newest Paper/graphs/Diagram_Darkbox.png>]
<graphs/14August2013_toluene_5gL_PPO_processed_waveform_paper.pdf, id=180, 569.
12625pt x 392.46625pt>
File: graphs/14August2013_toluene_5gL_PPO_processed_waveform_paper.pdf Graphic 
file (type pdf)

<use graphs/14August2013_toluene_5gL_PPO_processed_waveform_paper.pdf>
Package pdftex.def Info: graphs/14August2013_toluene_5gL_PPO_processed_waveform
_paper.pdf used on input line 162.
(pdftex.def)             Requested size: 341.47838pt x 235.48155pt.
 [6]
[7 <C:/Users/Robert/Desktop/Newest Paper/graphs/14August2013_toluene_5gL_PPO_pr
ocessed_waveform_paper.pdf, page is rotated 90 degrees>]
<graphs/toluene_5gL_PPO_Floats_final.pdf, id=240, 569.12625pt x 385.44pt>
File: graphs/toluene_5gL_PPO_Floats_final.pdf Graphic file (type pdf)

<use graphs/toluene_5gL_PPO_Floats_final.pdf>
Package pdftex.def Info: graphs/toluene_5gL_PPO_Floats_final.pdf used on input 
line 192.
(pdftex.def)             Requested size: 341.47838pt x 231.26578pt.
 [8 <C:/Users/Robert/Desktop/Newest Paper/graphs/toluene_5gL_PPO_Floats_final.p
df, page is rotated 90 degrees>]
<graphs/Light_Yield/PC_Light_Yield.png, id=296, 542.025pt x 542.025pt>
File: graphs/Light_Yield/PC_Light_Yield.png Graphic file (type png)

<use graphs/Light_Yield/PC_Light_Yield.png>
Package pdftex.def Info: graphs/Light_Yield/PC_Light_Yield.png used on input li
ne 228.
(pdftex.def)             Requested size: 162.60875pt x 162.60875pt.

<graphs/Light_Yield/LAB_Light_Yield.png, id=297, 542.025pt x 542.025pt>
File: graphs/Light_Yield/LAB_Light_Yield.png Graphic file (type png)

<use graphs/Light_Yield/LAB_Light_Yield.png>
Package pdftex.def Info: graphs/Light_Yield/LAB_Light_Yield.png used on input l
ine 229.
(pdftex.def)             Requested size: 162.60875pt x 162.60875pt.

<graphs/Light_Yield/PXE_Light_Yield.png, id=298, 542.025pt x 542.025pt>
File: graphs/Light_Yield/PXE_Light_Yield.png Graphic file (type png)

<use graphs/Light_Yield/PXE_Light_Yield.png>
Package pdftex.def Info: graphs/Light_Yield/PXE_Light_Yield.png used on input l
ine 230.
(pdftex.def)             Requested size: 162.60875pt x 162.60875pt.

<graphs/Light_Yield/DIN_Light_Yield.png, id=299, 542.025pt x 542.025pt>
File: graphs/Light_Yield/DIN_Light_Yield.png Graphic file (type png)

<use graphs/Light_Yield/DIN_Light_Yield.png>
Package pdftex.def Info: graphs/Light_Yield/DIN_Light_Yield.png used on input l
ine 231.
(pdftex.def)             Requested size: 162.60875pt x 162.60875pt.

<graphs/Light_Yield/DIN_HP_Light_Yield.png, id=300, 542.025pt x 542.025pt>
File: graphs/Light_Yield/DIN_HP_Light_Yield.png Graphic file (type png)

<use graphs/Light_Yield/DIN_HP_Light_Yield.png>
Package pdftex.def Info: graphs/Light_Yield/DIN_HP_Light_Yield.png used on inpu
t line 232.
(pdftex.def)             Requested size: 162.60875pt x 162.60875pt.

<graphs/Light_Yield/PCH_Light_Yield.png, id=301, 542.025pt x 542.025pt>
File: graphs/Light_Yield/PCH_Light_Yield.png Graphic file (type png)

<use graphs/Light_Yield/PCH_Light_Yield.png>
Package pdftex.def Info: graphs/Light_Yield/PCH_Light_Yield.png used on input l
ine 233.
(pdftex.def)             Requested size: 162.60875pt x 162.60875pt.

<graphs/Light_Yield/Toluene2014_Light_Yield.png, id=304, 406.51875pt x 406.5187
5pt>
File: graphs/Light_Yield/Toluene2014_Light_Yield.png Graphic file (type png)
 <use graphs/Light_Yield/Toluene2014_Light_Yield.png>
Package pdftex.def Info: graphs/Light_Yield/Toluene2014_Light_Yield.png used on
 input line 241.
(pdftex.def)             Requested size: 121.95656pt x 121.95656pt.

<graphs/Light_Yield/QDots_Light_Yield.png, id=307, 542.025pt x 542.025pt>
File: graphs/Light_Yield/QDots_Light_Yield.png Graphic file (type png)

<use graphs/Light_Yield/QDots_Light_Yield.png>
Package pdftex.def Info: graphs/Light_Yield/QDots_Light_Yield.png used on input
 line 252.
(pdftex.def)             Requested size: 162.60875pt x 162.60875pt.


LaTeX Warning: Citation `?' on page 9 undefined on input line 267.


Overfull \hbox (26.19868pt too wide) in paragraph at lines 267--268
\T1/ptm/m/n/10.95 and $\OML/ztmcm/m/it/10.95 A \OT1/ztmcm/m/n/10.95 = \OMS/ztmc
m/m/n/10.95 \OT1/ztmcm/m/n/10.95 0\OML/ztmcm/m/it/10.95 :\OT1/ztmcm/m/n/10.95 
002$ \T1/ptm/m/n/10.95 re-spect-fully. These er-rors are in close agree-ment wi
th the man-u-fac-tures specifications[[]]. 
 []

<graphs/Emission_Absorption/NN_Labs_Abs.png, id=315, 542.025pt x 542.025pt>
File: graphs/Emission_Absorption/NN_Labs_Abs.png Graphic file (type png)

<use graphs/Emission_Absorption/NN_Labs_Abs.png>
Package pdftex.def Info: graphs/Emission_Absorption/NN_Labs_Abs.png used on inp
ut line 276.
(pdftex.def)             Requested size: 157.18321pt x 157.18321pt.

<graphs/Emission_Absorption/mkNano_Abs.png, id=316, 542.025pt x 542.025pt>
File: graphs/Emission_Absorption/mkNano_Abs.png Graphic file (type png)

<use graphs/Emission_Absorption/mkNano_Abs.png>
Package pdftex.def Info: graphs/Emission_Absorption/mkNano_Abs.png used on inpu
t line 277.
(pdftex.def)             Requested size: 157.18321pt x 157.18321pt.

<graphs/Emission_Absorption/Ocean_NanoTech_Abs.png, id=317, 542.025pt x 542.025
pt>
File: graphs/Emission_Absorption/Ocean_NanoTech_Abs.png Graphic file (type png)

 <use graphs/Emission_Absorption/Ocean_NanoTech_Abs.png>
Package pdftex.def Info: graphs/Emission_Absorption/Ocean_NanoTech_Abs.png used
 on input line 278.
(pdftex.def)             Requested size: 157.18321pt x 157.18321pt.

<graphs/Emission_Absorption/Crystalplex_Abs.png, id=318, 542.025pt x 542.025pt>
File: graphs/Emission_Absorption/Crystalplex_Abs.png Graphic file (type png)
<use graphs/Emission_Absorption/Crystalplex_Abs.png>
Package pdftex.def Info: graphs/Emission_Absorption/Crystalplex_Abs.png used on
 input line 279.
(pdftex.def)             Requested size: 157.18321pt x 157.18321pt.
 [9]
<graphs/Emission_Absorption/NNLabs_360nm_Emi.png, id=333, 542.025pt x 542.025pt
>
File: graphs/Emission_Absorption/NNLabs_360nm_Emi.png Graphic file (type png)
 <use graphs/Emission_Absorption/NNLabs_360nm_Emi.png>
Package pdftex.def Info: graphs/Emission_Absorption/NNLabs_360nm_Emi.png used o
n input line 286.
(pdftex.def)             Requested size: 151.76596pt x 151.76596pt.

<graphs/Emission_Absorption/NNLabs_400nm_Emi.png, id=334, 542.025pt x 542.025pt
>
File: graphs/Emission_Absorption/NNLabs_400nm_Emi.png Graphic file (type png)
 <use graphs/Emission_Absorption/NNLabs_400nm_Emi.png>
Package pdftex.def Info: graphs/Emission_Absorption/NNLabs_400nm_Emi.png used o
n input line 287.
(pdftex.def)             Requested size: 151.76596pt x 151.76596pt.

<graphs/Emission_Absorption/mkNano_360nm_Emi.png, id=335, 542.025pt x 542.025pt
>
File: graphs/Emission_Absorption/mkNano_360nm_Emi.png Graphic file (type png)
 <use graphs/Emission_Absorption/mkNano_360nm_Emi.png>
Package pdftex.def Info: graphs/Emission_Absorption/mkNano_360nm_Emi.png used o
n input line 288.
(pdftex.def)             Requested size: 151.76596pt x 151.76596pt.

<graphs/Emission_Absorption/mkNano_380nm_Emi.png, id=336, 542.025pt x 542.025pt
>
File: graphs/Emission_Absorption/mkNano_380nm_Emi.png Graphic file (type png)
 <use graphs/Emission_Absorption/mkNano_380nm_Emi.png>
Package pdftex.def Info: graphs/Emission_Absorption/mkNano_380nm_Emi.png used o
n input line 289.
(pdftex.def)             Requested size: 151.76596pt x 151.76596pt.

<graphs/Emission_Absorption/mkNano_400nm_Emi.png, id=337, 542.025pt x 542.025pt
>
File: graphs/Emission_Absorption/mkNano_400nm_Emi.png Graphic file (type png)
 <use graphs/Emission_Absorption/mkNano_400nm_Emi.png>
Package pdftex.def Info: graphs/Emission_Absorption/mkNano_400nm_Emi.png used o
n input line 290.
(pdftex.def)             Requested size: 151.76596pt x 151.76596pt.

<graphs/Emission_Absorption/Ocean_NanoTech_400nm_Emi.png, id=338, 542.025pt x 5
42.025pt>
File: graphs/Emission_Absorption/Ocean_NanoTech_400nm_Emi.png Graphic file (typ
e png)
 <use graphs/Emission_Absorption/Ocean_NanoTech_400nm_Emi.png>
Package pdftex.def Info: graphs/Emission_Absorption/Ocean_NanoTech_400nm_Emi.pn
g used on input line 291.
(pdftex.def)             Requested size: 151.76596pt x 151.76596pt.

<graphs/Emission_Absorption/Ocean_NanoTech_425nm_Emi.png, id=339, 542.025pt x 5
42.025pt>
File: graphs/Emission_Absorption/Ocean_NanoTech_425nm_Emi.png Graphic file (typ
e png)
 <use graphs/Emission_Absorption/Ocean_NanoTech_425nm_Emi.png>
Package pdftex.def Info: graphs/Emission_Absorption/Ocean_NanoTech_425nm_Emi.pn
g used on input line 292.
(pdftex.def)             Requested size: 151.76596pt x 151.76596pt.

<graphs/Emission_Absorption/Crystalplex_Emi.png, id=340, 542.025pt x 542.025pt>
File: graphs/Emission_Absorption/Crystalplex_Emi.png Graphic file (type png)
<use graphs/Emission_Absorption/Crystalplex_Emi.png>
Package pdftex.def Info: graphs/Emission_Absorption/Crystalplex_Emi.png used on
 input line 293.
(pdftex.def)             Requested size: 151.76596pt x 151.76596pt.


LaTeX Warning: Float too large for page by 100.92685pt on input line 296.

[10] [11] [12 <C:/Users/Robert/Desktop/Newest Paper/graphs/Light_Yield/PC_Light
_Yield.png> <C:/Users/Robert/Desktop/Newest Paper/graphs/Light_Yield/LAB_Light_
Yield.png> <C:/Users/Robert/Desktop/Newest Paper/graphs/Light_Yield/PXE_Light_Y
ield.png> <C:/Users/Robert/Desktop/Newest Paper/graphs/Light_Yield/DIN_Light_Yi
eld.png> <C:/Users/Robert/Desktop/Newest Paper/graphs/Light_Yield/DIN_HP_Light_
Yield.png> <C:/Users/Robert/Desktop/Newest Paper/graphs/Light_Yield/PCH_Light_Y
ield.png>] [13 <C:/Users/Robert/Desktop/Newest Paper/graphs/Light_Yield/Toluene
2014_Light_Yield.png> <C:/Users/Robert/Desktop/Newest Paper/graphs/Light_Yield/
QDots_Light_Yield.png>] [14 <C:/Users/Robert/Desktop/Newest Paper/graphs/Emissi
on_Absorption/NN_Labs_Abs.png> <C:/Users/Robert/Desktop/Newest Paper/graphs/Emi
ssion_Absorption/mkNano_Abs.png> <C:/Users/Robert/Desktop/Newest Paper/graphs/E
mission_Absorption/Ocean_NanoTech_Abs.png> <C:/Users/Robert/Desktop/Newest Pape
r/graphs/Emission_Absorption/Crystalplex_Abs.png>] [15 <C:/Users/Robert/Desktop
/Newest Paper/graphs/Emission_Absorption/NNLabs_360nm_Emi.png> <C:/Users/Robert
/Desktop/Newest Paper/graphs/Emission_Absorption/NNLabs_400nm_Emi.png> <C:/User
s/Robert/Desktop/Newest Paper/graphs/Emission_Absorption/mkNano_360nm_Emi.png> 
<C:/Users/Robert/Desktop/Newest Paper/graphs/Emission_Absorption/mkNano_380nm_E
mi.png> <C:/Users/Robert/Desktop/Newest Paper/graphs/Emission_Absorption/mkNano
_400nm_Emi.png> <C:/Users/Robert/Desktop/Newest Paper/graphs/Emission_Absorptio
n/Ocean_NanoTech_400nm_Emi.png> <C:/Users/Robert/Desktop/Newest Paper/graphs/Em
ission_Absorption/Ocean_NanoTech_425nm_Emi.png> <C:/Users/Robert/Desktop/Newest
 Paper/graphs/Emission_Absorption/Crystalplex_Emi.png>]
("C:\Users\Robert\Desktop\Newest Paper\Paper.aux")

LaTeX Warning: There were undefined references.

 ) 
Here is how much of TeX's memory you used:
 2864 strings out of 493921
 37443 string characters out of 3147278
 92046 words of memory out of 3000000
 5956 multiletter control sequences out of 15000+200000
 91267 words of font info for 151 fonts, out of 3000000 for 9000
 841 hyphenation exceptions out of 8191
 35i,18n,28p,1462b,360s stack positions out of 5000i,500n,10000p,200000b,50000s
{C:/Program Files/MiKTeX 2.9/fonts/enc/dvips/fontname/8r.enc}<C:/Program File
s/MiKTeX 2.9/fonts/type1/public/amsfonts/cm/cmex10.pfb><C:/Program Files/MiKTeX
 2.9/fonts/type1/public/amsfonts/cm/cmmi10.pfb><C:/Program Files/MiKTeX 2.9/fon
ts/type1/public/amsfonts/cm/cmr10.pfb><C:/Program Files/MiKTeX 2.9/fonts/type1/
public/amsfonts/cm/cmsy10.pfb><C:/Program Files/MiKTeX 2.9/fonts/type1/public/a
msfonts/cm/cmsy8.pfb><C:/Program Files/MiKTeX 2.9/fonts/type1/urw/courier/ucrr8
a.pfb><C:/Program Files/MiKTeX 2.9/fonts/type1/urw/helvetic/uhvb8a.pfb><C:/Prog
ram Files/MiKTeX 2.9/fonts/type1/urw/symbol/usyr.pfb><C:/Program Files/MiKTeX 2
.9/fonts/type1/urw/times/utmb8a.pfb><C:/Program Files/MiKTeX 2.9/fonts/type1/ur
w/times/utmr8a.pfb><C:/Program Files/MiKTeX 2.9/fonts/type1/urw/times/utmri8a.p
fb>
Output written on Paper.pdf (16 pages, 334377 bytes).
PDF statistics:
 472 PDF objects out of 1000 (max. 8388607)
 105 named destinations out of 1000 (max. 500000)
 116 words of extra memory for PDF output out of 10000 (max. 10000000)

